Log file open, 03/17/22 09:03:01
LogWindows: Failed to load 'aqProf.dll' (GetLastError=126)
LogWindows: File 'aqProf.dll' does not exist
LogWindows: Failed to load 'VtuneApi.dll' (GetLastError=126)
LogWindows: File 'VtuneApi.dll' does not exist
LogWindows: Failed to load 'VtuneApi32e.dll' (GetLastError=126)
LogWindows: File 'VtuneApi32e.dll' does not exist
LogConsoleResponse: Display: Failed to find resolution value strings in scalability ini. Falling back to default.
LogConsoleResponse: Display: Failed to find resolution value strings in scalability ini. Falling back to default.
LogInit: Display: Running engine for game: Project2MaxChris
LogPlatformFile: Not using cached read wrapper
LogTaskGraph: Started task graph with 5 named threads and 23 total threads with 3 sets of task threads.
LogStats: Stats thread started at 0.582274
LogICUInternationalization: ICU TimeZone Detection - Raw Offset: -5:00, Platform Override: ''
LogInit: Display: Loading text-based GConfig....
LogPluginManager: Mounting plugin MeshPainting
LogPluginManager: Mounting plugin XGEController
LogPluginManager: Mounting plugin Paper2D
LogPluginManager: Mounting plugin AISupport
LogPluginManager: Mounting plugin EnvironmentQueryEditor
LogPluginManager: Mounting plugin LightPropagationVolume
LogPluginManager: Mounting plugin CameraShakePreviewer
LogPluginManager: Mounting plugin GameplayCameras
LogPluginManager: Mounting plugin AssetManagerEditor
LogPluginManager: Mounting plugin CryptoKeys
LogPluginManager: Mounting plugin FacialAnimation
LogPluginManager: Mounting plugin GameplayTagsEditor
LogPluginManager: Mounting plugin GeometryMode
LogPluginManager: Mounting plugin DataValidation
LogPluginManager: Mounting plugin MaterialAnalyzer
LogPluginManager: Mounting plugin MacGraphicsSwitching
LogPluginManager: Mounting plugin CurveEditorTools
LogPluginManager: Mounting plugin MobileLauncherProfileWizard
LogPluginManager: Mounting plugin PluginBrowser
LogPluginManager: Mounting plugin SpeedTreeImporter
LogPluginManager: Mounting plugin StylusInput
LogPluginManager: Mounting plugin LiveLink
LogPluginManager: Mounting plugin AlembicImporter
LogPluginManager: Mounting plugin AutomationUtils
LogPluginManager: Mounting plugin BackChannel
LogPluginManager: Mounting plugin ChaosClothEditor
LogPluginManager: Mounting plugin ChaosCloth
LogPluginManager: Mounting plugin ChaosEditor
LogPluginManager: Mounting plugin Niagara
LogPluginManager: Mounting plugin ChaosSolverPlugin
LogPluginManager: Mounting plugin ChaosNiagara
LogPluginManager: Mounting plugin CharacterAI
LogPluginManager: Mounting plugin DatasmithContent
LogPluginManager: Mounting plugin GeometryCache
LogPluginManager: Mounting plugin GeometryCollectionPlugin
LogPluginManager: Mounting plugin VariantManagerContent
LogPluginManager: Mounting plugin GeometryProcessing
LogPluginManager: Mounting plugin MeshModelingToolset
LogPluginManager: Mounting plugin ModelingToolsEditorMode
LogPluginManager: Mounting plugin OpenImageDenoise
LogPluginManager: Mounting plugin MotoSynth
LogPluginManager: Mounting plugin PlanarCut
LogPluginManager: Mounting plugin PlatformCrypto
LogPluginManager: Mounting plugin ProxyLODPlugin
LogPluginManager: Mounting plugin PythonScriptPlugin
LogPluginManager: Mounting plugin SkeletalReduction
LogPluginManager: Mounting plugin LuminPlatformFeatures
LogPluginManager: Mounting plugin MagicLeap
LogPluginManager: Mounting plugin MagicLeapLightEstimation
LogPluginManager: Mounting plugin MagicLeapMedia
LogPluginManager: Mounting plugin MagicLeapPassableWorld
LogPluginManager: Mounting plugin MLSDK
LogPluginManager: Mounting plugin AndroidMedia
LogPluginManager: Mounting plugin AvfMedia
LogPluginManager: Mounting plugin ImgMedia
LogPluginManager: Mounting plugin MediaCompositing
LogPluginManager: Mounting plugin WebMMedia
LogPluginManager: Mounting plugin WmfMedia
LogPluginManager: Mounting plugin MediaPlayerEditor
LogPluginManager: Mounting plugin UdpMessaging
LogPluginManager: Mounting plugin TcpMessaging
LogPluginManager: Mounting plugin ActorSequence
LogPluginManager: Mounting plugin LevelSequenceEditor
LogPluginManager: Mounting plugin MatineeToLevelSequence
LogPluginManager: Mounting plugin TemplateSequence
LogPluginManager: Mounting plugin OnlineSubsystem
LogPluginManager: Mounting plugin OnlineSubsystemNull
LogPluginManager: Mounting plugin OnlineSubsystemUtils
LogPluginManager: Mounting plugin LauncherChunkInstaller
LogPluginManager: Mounting plugin ActorLayerUtilities
LogPluginManager: Mounting plugin AndroidPermission
LogPluginManager: Mounting plugin AndroidDeviceProfileSelector
LogPluginManager: Mounting plugin AppleImageUtils
LogPluginManager: Mounting plugin AppleMoviePlayer
LogPluginManager: Mounting plugin AndroidMoviePlayer
LogPluginManager: Mounting plugin ArchVisCharacter
LogPluginManager: Mounting plugin AudioCapture
LogPluginManager: Mounting plugin AssetTags
LogPluginManager: Mounting plugin AudioSynesthesia
LogPluginManager: Mounting plugin CableComponent
LogPluginManager: Mounting plugin ChunkDownloader
LogPluginManager: Mounting plugin CustomMeshComponent
LogPluginManager: Mounting plugin ExampleDeviceProfileSelector
LogPluginManager: Mounting plugin EditableMesh
LogPluginManager: Mounting plugin GoogleCloudMessaging
LogPluginManager: Mounting plugin GooglePAD
LogPluginManager: Mounting plugin HairStrands
LogPluginManager: Mounting plugin IOSDeviceProfileSelector
LogPluginManager: Mounting plugin LinuxDeviceProfileSelector
LogPluginManager: Mounting plugin LocationServicesBPLibrary
LogPluginManager: Mounting plugin ScreenshotTools
LogPluginManager: Mounting plugin MobilePatchingUtils
LogPluginManager: Mounting plugin OpenXR
LogPluginManager: Mounting plugin OpenXREyeTracker
LogPluginManager: Mounting plugin OpenXRHandTracking
LogPluginManager: Mounting plugin PhysXVehicles
LogPluginManager: Mounting plugin PostSplashScreen
LogPluginManager: Mounting plugin PropertyAccessEditor
LogPluginManager: Mounting plugin ProceduralMeshComponent
LogPluginManager: Mounting plugin ResonanceAudio
LogPluginManager: Mounting plugin RuntimePhysXCooking
LogPluginManager: Mounting plugin SignificanceManager
LogPluginManager: Mounting plugin SoundFields
LogPluginManager: Mounting plugin Synthesis
LogPluginManager: Mounting plugin OodleData
LogPluginManager: Mounting plugin WebMMoviePlayer
LogPluginManager: Mounting plugin WindowsMoviePlayer
LogPluginManager: Mounting plugin OodleNetwork
LogPluginManager: Mounting plugin AnimationSharing
LogPluginManager: Mounting plugin CodeLiteSourceCodeAccess
LogPluginManager: Mounting plugin CLionSourceCodeAccess
LogPluginManager: Mounting plugin GitSourceControl
LogPluginManager: Mounting plugin KDevelopSourceCodeAccess
LogPluginManager: Mounting plugin NullSourceCodeAccess
LogPluginManager: Mounting plugin PixWinPlugin
LogPluginManager: Mounting plugin PerforceSourceControl
LogPluginManager: Mounting plugin PlasticSourceControl
LogPluginManager: Mounting plugin PluginUtils
LogPluginManager: Mounting plugin PropertyAccessNode
LogPluginManager: Mounting plugin RiderSourceCodeAccess
LogPluginManager: Mounting plugin SubversionSourceControl
LogPluginManager: Mounting plugin TextureFormatOodle
LogPluginManager: Mounting plugin UObjectPlugin
LogPluginManager: Mounting plugin VisualStudioCodeSourceCodeAccess
LogPluginManager: Mounting plugin XCodeSourceCodeAccess
LogPluginManager: Mounting plugin Takes
LogPluginManager: Mounting plugin VisualStudioSourceCodeAccess
LogPluginManager: Mounting plugin ContentBrowserAssetDataSource
LogPluginManager: Mounting plugin ContentBrowserClassDataSource
LogPluginManager: Mounting plugin ContentBrowserFileDataSource
LogPluginManager: Mounting plugin OnlineSubsystemGooglePlay
LogPluginManager: Mounting plugin OnlineSubsystemIOS
LogPluginManager: Mounting plugin OculusOpenXR
LogInit: Using libcurl 7.55.1-DEV
LogInit:  - built for x86_64-pc-win32
LogInit:  - supports SSL with OpenSSL/1.1.1
LogInit:  - supports HTTP deflate (compression) using libz 1.2.8
LogInit:  - other features:
LogInit:      CURL_VERSION_SSL
LogInit:      CURL_VERSION_LIBZ
LogInit:      CURL_VERSION_IPV6
LogInit:      CURL_VERSION_ASYNCHDNS
LogInit:      CURL_VERSION_LARGEFILE
LogInit:      CURL_VERSION_IDN
LogInit:  CurlRequestOptions (configurable via config and command line):
LogInit:  - bVerifyPeer = true  - Libcurl will verify peer certificate
LogInit:  - bUseHttpProxy = false  - Libcurl will NOT use HTTP proxy
LogInit:  - bDontReuseConnections = false  - Libcurl will reuse connections
LogInit:  - MaxHostConnections = 16  - Libcurl will limit the number of connections to a host
LogInit:  - LocalHostAddr = Default
LogInit:  - BufferSize = 65536
LogOnline: OSS: Creating online subsystem instance for: NULL
LogInit: WinSock: version 1.1 (2.2), MaxSocks=32767, MaxUdp=65467
LogOnline: OSS: TryLoadSubsystemAndSetDefault: Loaded subsystem for module [NULL]
PixWinPlugin: PIX capture plugin failed to initialize! Check that the process is launched from PIX.
LogInit: Build: ++UE4+Release-4.27-CL-18319896
LogInit: Engine Version: 4.27.2-18319896+++UE4+Release-4.27
LogInit: Compatible Engine Version: 4.27.0-17155196+++UE4+Release-4.27
LogInit: Net CL: 17155196
LogInit: OS: Windows 10 (Release 2009) (), CPU: Intel(R) Core(TM) i7-6700 CPU @ 3.40GHz, GPU: NVIDIA GeForce RTX 2080
LogInit: Compiled (64-bit): Nov 30 2021 07:12:08
LogInit: Compiled with Visual C++: 19.24.28315.00
LogInit: Build Configuration: Development
LogInit: Branch Name: ++UE4+Release-4.27
LogInit: Command Line: 
LogInit: Base Directory: D:/Epic/UE_4.27/Engine/Binaries/Win64/
LogInit: Allocator: TBB
LogInit: Installed Engine Build: 1
LogDevObjectVersion: Number of dev versions registered: 29
LogDevObjectVersion:   Dev-Blueprints (B0D832E4-1F89-4F0D-ACCF-7EB736FD4AA2): 10
LogDevObjectVersion:   Dev-Build (E1C64328-A22C-4D53-A36C-8E866417BD8C): 0
LogDevObjectVersion:   Dev-Core (375EC13C-06E4-48FB-B500-84F0262A717E): 4
LogDevObjectVersion:   Dev-Editor (E4B068ED-F494-42E9-A231-DA0B2E46BB41): 40
LogDevObjectVersion:   Dev-Framework (CFFC743F-43B0-4480-9391-14DF171D2073): 37
LogDevObjectVersion:   Dev-Mobile (B02B49B5-BB20-44E9-A304-32B752E40360): 3
LogDevObjectVersion:   Dev-Networking (A4E4105C-59A1-49B5-A7C5-40C4547EDFEE): 0
LogDevObjectVersion:   Dev-Online (39C831C9-5AE6-47DC-9A44-9C173E1C8E7C): 0
LogDevObjectVersion:   Dev-Physics (78F01B33-EBEA-4F98-B9B4-84EACCB95AA2): 14
LogDevObjectVersion:   Dev-Platform (6631380F-2D4D-43E0-8009-CF276956A95A): 0
LogDevObjectVersion:   Dev-Rendering (12F88B9F-8875-4AFC-A67C-D90C383ABD29): 45
LogDevObjectVersion:   Dev-Sequencer (7B5AE74C-D270-4C10-A958-57980B212A5A): 13
LogDevObjectVersion:   Dev-VR (D7296918-1DD6-4BDD-9DE2-64A83CC13884): 3
LogDevObjectVersion:   Dev-LoadTimes (C2A15278-BFE7-4AFE-6C17-90FF531DF755): 1
LogDevObjectVersion:   Private-Geometry (6EACA3D4-40EC-4CC1-B786-8BED09428FC5): 3
LogDevObjectVersion:   Dev-AnimPhys (29E575DD-E0A3-4627-9D10-D276232CDCEA): 17
LogDevObjectVersion:   Dev-Anim (AF43A65D-7FD3-4947-9873-3E8ED9C1BB05): 15
LogDevObjectVersion:   Dev-ReflectionCapture (6B266CEC-1EC7-4B8F-A30B-E4D90942FC07): 1
LogDevObjectVersion:   Dev-Automation (0DF73D61-A23F-47EA-B727-89E90C41499A): 1
LogDevObjectVersion:   FortniteMain (601D1886-AC64-4F84-AA16-D3DE0DEAC7D6): 47
LogDevObjectVersion:   FortniteRelease (E7086368-6B23-4C58-8439-1B7016265E91): 1
LogDevObjectVersion:   Dev-Enterprise (9DFFBCD6-494F-0158-E221-12823C92A888): 10
LogDevObjectVersion:   Dev-Niagara (F2AED0AC-9AFE-416F-8664-AA7FFA26D6FC): 1
LogDevObjectVersion:   Dev-Destruction (174F1F0B-B4C6-45A5-B13F-2EE8D0FB917D): 10
LogDevObjectVersion:   Dev-Physics-Ext (35F94A83-E258-406C-A318-09F59610247C): 41
LogDevObjectVersion:   Dev-PhysicsMaterial-Chaos (B68FC16E-8B1B-42E2-B453-215C058844FE): 1
LogDevObjectVersion:   Dev-CineCamera (B2E18506-4273-CFC2-A54E-F4BB758BBA07): 1
LogDevObjectVersion:   Dev-VirtualProduction (64F58936-FD1B-42BA-BA96-7289D5D0FA4E): 1
LogDevObjectVersion:   Dev-MediaFramework (6F0ED827-A609-4895-9C91-998D90180EA4): 2
LogInit: Presizing for max 25165824 objects, including 0 objects not considered by GC, pre-allocating 0 bytes for permanent pool.
LogConfig: Applying CVar settings from Section [/Script/Engine.StreamingSettings] File [D:/Desktop/Project2MaxChris/Saved/Config/Windows/Engine.ini]
LogConfig: Setting CVar [[s.MinBulkDataSizeForAsyncLoading:131072]]
LogConfig: Setting CVar [[s.AsyncLoadingThreadEnabled:0]]
LogConfig: Setting CVar [[s.EventDrivenLoaderEnabled:1]]
LogConfig: Setting CVar [[s.WarnIfTimeLimitExceeded:0]]
LogConfig: Setting CVar [[s.TimeLimitExceededMultiplier:1.5]]
LogConfig: Setting CVar [[s.TimeLimitExceededMinTime:0.005]]
LogConfig: Setting CVar [[s.UseBackgroundLevelStreaming:1]]
LogConfig: Setting CVar [[s.PriorityAsyncLoadingExtraTime:15.0]]
LogConfig: Setting CVar [[s.LevelStreamingActorsUpdateTimeLimit:5.0]]
LogConfig: Setting CVar [[s.PriorityLevelStreamingActorsUpdateExtraTime:5.0]]
LogConfig: Setting CVar [[s.LevelStreamingComponentsRegistrationGranularity:10]]
LogConfig: Setting CVar [[s.UnregisterComponentsTimeLimit:1.0]]
LogConfig: Setting CVar [[s.LevelStreamingComponentsUnregistrationGranularity:5]]
LogConfig: Setting CVar [[s.FlushStreamingOnExit:1]]
LogInit: Object subsystem initialized
LogConfig: Setting CVar [[con.DebugEarlyDefault:1]]
LogConfig: Setting CVar [[r.setres:1280x720]]
LogConfig: Setting CVar [[fx.NiagaraAllowRuntimeScalabilityChanges:1]]
[2022.03.17-13.03.02:213][  0]LogConfig: Setting CVar [[r.VSync:0]]
[2022.03.17-13.03.02:213][  0]LogConfig: Setting CVar [[r.RHICmdBypass:0]]
[2022.03.17-13.03.02:213][  0]LogConfig: Applying CVar settings from Section [/Script/Engine.RendererSettings] File [D:/Desktop/Project2MaxChris/Saved/Config/Windows/Engine.ini]
[2022.03.17-13.03.02:213][  0]LogConfig: Setting CVar [[r.GPUCrashDebugging:0]]
[2022.03.17-13.03.02:213][  0]LogConfig: Setting CVar [[r.Mobile.DisableVertexFog:1]]
[2022.03.17-13.03.02:213][  0]LogConfig: Setting CVar [[r.Shadow.CSM.MaxMobileCascades:2]]
[2022.03.17-13.03.02:213][  0]LogConfig: Setting CVar [[r.MobileMSAA:4]]
[2022.03.17-13.03.02:213][  0]LogConfig: Setting CVar [[r.Mobile.AllowDitheredLODTransition:0]]
[2022.03.17-13.03.02:213][  0]LogConfig: Setting CVar [[r.Mobile.AllowSoftwareOcclusion:0]]
[2022.03.17-13.03.02:213][  0]LogConfig: Setting CVar [[r.Mobile.VirtualTextures:0]]
[2022.03.17-13.03.02:213][  0]LogConfig: Setting CVar [[r.DiscardUnusedQuality:0]]
[2022.03.17-13.03.02:213][  0]LogConfig: Setting CVar [[r.AllowOcclusionQueries:1]]
[2022.03.17-13.03.02:213][  0]LogConfig: Setting CVar [[r.MinScreenRadiusForLights:0.030000]]
[2022.03.17-13.03.02:213][  0]LogConfig: Setting CVar [[r.MinScreenRadiusForDepthPrepass:0.030000]]
[2022.03.17-13.03.02:213][  0]LogConfig: Setting CVar [[r.MinScreenRadiusForCSMDepth:0.010000]]
[2022.03.17-13.03.02:213][  0]LogConfig: Setting CVar [[r.PrecomputedVisibilityWarning:0]]
[2022.03.17-13.03.02:213][  0]LogConfig: Setting CVar [[r.TextureStreaming:1]]
[2022.03.17-13.03.02:213][  0]LogConfig: Setting CVar [[Compat.UseDXT5NormalMaps:0]]
[2022.03.17-13.03.02:213][  0]LogConfig: Setting CVar [[r.VirtualTextures:0]]
[2022.03.17-13.03.02:213][  0]LogConfig: Setting CVar [[r.VirtualTexturedLightmaps:0]]
[2022.03.17-13.03.02:213][  0]LogConfig: Setting CVar [[r.VT.TileSize:128]]
[2022.03.17-13.03.02:213][  0]LogConfig: Setting CVar [[r.VT.TileBorderSize:4]]
[2022.03.17-13.03.02:214][  0]LogConfig: Setting CVar [[r.vt.FeedbackFactor:16]]
[2022.03.17-13.03.02:214][  0]LogConfig: Setting CVar [[r.VT.EnableCompressZlib:1]]
[2022.03.17-13.03.02:214][  0]LogConfig: Setting CVar [[r.VT.EnableCompressCrunch:0]]
[2022.03.17-13.03.02:214][  0]LogConfig: Setting CVar [[r.ClearCoatNormal:0]]
[2022.03.17-13.03.02:214][  0]LogConfig: Setting CVar [[r.ReflectionCaptureResolution:128]]
[2022.03.17-13.03.02:214][  0]LogConfig: Setting CVar [[r.Mobile.ReflectionCaptureCompression:0]]
[2022.03.17-13.03.02:214][  0]LogConfig: Setting CVar [[r.ReflectionEnvironmentLightmapMixBasedOnRoughness:1]]
[2022.03.17-13.03.02:214][  0]LogConfig: Setting CVar [[r.ForwardShading:1]]
[2022.03.17-13.03.02:214][  0]LogConfig: Setting CVar [[r.VertexFoggingForOpaque:1]]
[2022.03.17-13.03.02:214][  0]LogConfig: Setting CVar [[r.AllowStaticLighting:1]]
[2022.03.17-13.03.02:214][  0]LogConfig: Setting CVar [[r.NormalMapsForStaticLighting:0]]
[2022.03.17-13.03.02:214][  0]LogConfig: Setting CVar [[r.GenerateMeshDistanceFields:0]]
[2022.03.17-13.03.02:214][  0]LogConfig: Setting CVar [[r.DistanceFieldBuild.EightBit:0]]
[2022.03.17-13.03.02:214][  0]LogConfig: Setting CVar [[r.GenerateLandscapeGIData:0]]
[2022.03.17-13.03.02:214][  0]LogConfig: Setting CVar [[r.DistanceFieldBuild.Compress:0]]
[2022.03.17-13.03.02:214][  0]LogConfig: Setting CVar [[r.TessellationAdaptivePixelsPerTriangle:48.000000]]
[2022.03.17-13.03.02:214][  0]LogConfig: Setting CVar [[r.SeparateTranslucency:0]]
[2022.03.17-13.03.02:214][  0]LogConfig: Setting CVar [[r.TranslucentSortPolicy:0]]
[2022.03.17-13.03.02:214][  0]LogConfig: Setting CVar [[r.CustomDepth:1]]
[2022.03.17-13.03.02:214][  0]LogConfig: Setting CVar [[r.CustomDepthTemporalAAJitter:1]]
[2022.03.17-13.03.02:214][  0]LogConfig: Setting CVar [[r.PostProcessing.PropagateAlpha:0]]
[2022.03.17-13.03.02:214][  0]LogConfig: Setting CVar [[r.DefaultFeature.Bloom:0]]
[2022.03.17-13.03.02:214][  0]LogConfig: Setting CVar [[r.DefaultFeature.AmbientOcclusion:0]]
[2022.03.17-13.03.02:214][  0]LogConfig: Setting CVar [[r.DefaultFeature.AmbientOcclusionStaticFraction:1]]
[2022.03.17-13.03.02:214][  0]LogConfig: Setting CVar [[r.DefaultFeature.AutoExposure:0]]
[2022.03.17-13.03.02:214][  0]LogConfig: Setting CVar [[r.DefaultFeature.AutoExposure.Method:0]]
[2022.03.17-13.03.02:214][  0]LogConfig: Setting CVar [[r.DefaultFeature.AutoExposure.Bias:1.000000]]
[2022.03.17-13.03.02:214][  0]LogConfig: Setting CVar [[r.DefaultFeature.AutoExposure.ExtendDefaultLuminanceRange:1]]
[2022.03.17-13.03.02:214][  0]LogConfig: Setting CVar [[r.UsePreExposure:1]]
[2022.03.17-13.03.02:214][  0]LogConfig: Setting CVar [[r.EyeAdaptation.EditorOnly:0]]
[2022.03.17-13.03.02:214][  0]LogConfig: Setting CVar [[r.DefaultFeature.MotionBlur:0]]
[2022.03.17-13.03.02:214][  0]LogConfig: Setting CVar [[r.DefaultFeature.LensFlare:0]]
[2022.03.17-13.03.02:214][  0]LogConfig: Setting CVar [[r.TemporalAA.Upsampling:0]]
[2022.03.17-13.03.02:214][  0]LogConfig: Setting CVar [[r.SSGI.Enable:0]]
[2022.03.17-13.03.02:214][  0]LogConfig: Setting CVar [[r.DefaultFeature.AntiAliasing:3]]
[2022.03.17-13.03.02:214][  0]LogConfig: Setting CVar [[r.DefaultFeature.LightUnits:1]]
[2022.03.17-13.03.02:214][  0]LogConfig: Setting CVar [[r.DefaultBackBufferPixelFormat:4]]
[2022.03.17-13.03.02:214][  0]LogConfig: Setting CVar [[r.Shadow.UnbuiltPreviewInGame:1]]
[2022.03.17-13.03.02:215][  0]LogConfig: Setting CVar [[r.StencilForLODDither:0]]
[2022.03.17-13.03.02:215][  0]LogConfig: Setting CVar [[r.EarlyZPass:3]]
[2022.03.17-13.03.02:215][  0]LogConfig: Setting CVar [[r.EarlyZPassOnlyMaterialMasking:0]]
[2022.03.17-13.03.02:215][  0]LogConfig: Setting CVar [[r.DBuffer:1]]
[2022.03.17-13.03.02:215][  0]LogConfig: Setting CVar [[r.ClearSceneMethod:1]]
[2022.03.17-13.03.02:215][  0]LogConfig: Setting CVar [[r.BasePassOutputsVelocity:0]]
[2022.03.17-13.03.02:215][  0]LogConfig: Setting CVar [[r.VertexDeformationOutputsVelocity:0]]
[2022.03.17-13.03.02:215][  0]LogConfig: Setting CVar [[r.SelectiveBasePassOutputs:0]]
[2022.03.17-13.03.02:215][  0]LogConfig: Setting CVar [[fx.GPUSimulationTextureSizeX:1024]]
[2022.03.17-13.03.02:215][  0]LogConfig: Setting CVar [[fx.GPUSimulationTextureSizeY:1024]]
[2022.03.17-13.03.02:215][  0]LogConfig: Setting CVar [[r.AllowGlobalClipPlane:0]]
[2022.03.17-13.03.02:215][  0]LogConfig: Setting CVar [[r.GBufferFormat:1]]
[2022.03.17-13.03.02:215][  0]LogConfig: Setting CVar [[r.MorphTarget.Mode:1]]
[2022.03.17-13.03.02:215][  0]LogConfig: Setting CVar [[vr.InstancedStereo:1]]
[2022.03.17-13.03.02:215][  0]LogConfig: Setting CVar [[r.MobileHDR:0]]
[2022.03.17-13.03.02:215][  0]LogConfig: Setting CVar [[vr.MobileMultiView:1]]
[2022.03.17-13.03.02:215][  0]LogConfig: Setting CVar [[r.Mobile.UseHWsRGBEncoding:1]]
[2022.03.17-13.03.02:215][  0]LogConfig: Setting CVar [[vr.RoundRobinOcclusion:0]]
[2022.03.17-13.03.02:215][  0]LogConfig: Setting CVar [[vr.ODSCapture:0]]
[2022.03.17-13.03.02:215][  0]LogConfig: Setting CVar [[r.MeshStreaming:0]]
[2022.03.17-13.03.02:215][  0]LogConfig: Setting CVar [[r.WireframeCullThreshold:5.000000]]
[2022.03.17-13.03.02:215][  0]LogConfig: Setting CVar [[r.RayTracing:0]]
[2022.03.17-13.03.02:215][  0]LogConfig: Setting CVar [[r.RayTracing.UseTextureLod:0]]
[2022.03.17-13.03.02:215][  0]LogConfig: Setting CVar [[r.SupportStationarySkylight:1]]
[2022.03.17-13.03.02:215][  0]LogConfig: Setting CVar [[r.SupportLowQualityLightmaps:1]]
[2022.03.17-13.03.02:215][  0]LogConfig: Setting CVar [[r.SupportPointLightWholeSceneShadows:1]]
[2022.03.17-13.03.02:215][  0]LogConfig: Setting CVar [[r.SupportAtmosphericFog:1]]
[2022.03.17-13.03.02:215][  0]LogConfig: Setting CVar [[r.SupportSkyAtmosphere:1]]
[2022.03.17-13.03.02:215][  0]LogConfig: Setting CVar [[r.SupportSkyAtmosphereAffectsHeightFog:0]]
[2022.03.17-13.03.02:215][  0]LogConfig: Setting CVar [[r.SkinCache.CompileShaders:0]]
[2022.03.17-13.03.02:215][  0]LogConfig: Setting CVar [[r.SkinCache.DefaultBehavior:1]]
[2022.03.17-13.03.02:215][  0]LogConfig: Setting CVar [[r.SkinCache.SceneMemoryLimitInMB:128.000000]]
[2022.03.17-13.03.02:215][  0]LogConfig: Setting CVar [[r.Mobile.EnableStaticAndCSMShadowReceivers:1]]
[2022.03.17-13.03.02:215][  0]LogConfig: Setting CVar [[r.Mobile.EnableMovableLightCSMShaderCulling:1]]
[2022.03.17-13.03.02:215][  0]LogConfig: Setting CVar [[r.Mobile.AllowDistanceFieldShadows:1]]
[2022.03.17-13.03.02:215][  0]LogConfig: Setting CVar [[r.Mobile.AllowMovableDirectionalLights:1]]
[2022.03.17-13.03.02:215][  0]LogConfig: Setting CVar [[r.MobileNumDynamicPointLights:4]]
[2022.03.17-13.03.02:216][  0]LogConfig: Setting CVar [[r.MobileDynamicPointLightsUseStaticBranch:1]]
[2022.03.17-13.03.02:216][  0]LogConfig: Setting CVar [[r.Mobile.EnableMovableSpotlights:0]]
[2022.03.17-13.03.02:216][  0]LogConfig: Setting CVar [[r.Mobile.EnableMovableSpotlightsShadow:0]]
[2022.03.17-13.03.02:216][  0]LogConfig: Setting CVar [[r.GPUSkin.Support16BitBoneIndex:0]]
[2022.03.17-13.03.02:216][  0]LogConfig: Setting CVar [[r.GPUSkin.Limit2BoneInfluences:0]]
[2022.03.17-13.03.02:216][  0]LogConfig: Setting CVar [[r.SupportDepthOnlyIndexBuffers:1]]
[2022.03.17-13.03.02:216][  0]LogConfig: Setting CVar [[r.SupportReversedIndexBuffers:1]]
[2022.03.17-13.03.02:216][  0]LogConfig: Setting CVar [[r.LightPropagationVolume:0]]
[2022.03.17-13.03.02:216][  0]LogConfig: Setting CVar [[r.Mobile.AmbientOcclusion:0]]
[2022.03.17-13.03.02:216][  0]LogConfig: Setting CVar [[r.GPUSkin.UnlimitedBoneInfluences:0]]
[2022.03.17-13.03.02:216][  0]LogConfig: Setting CVar [[r.GPUSkin.UnlimitedBoneInfluencesThreshold:8]]
[2022.03.17-13.03.02:216][  0]LogConfig: Setting CVar [[r.Mobile.PlanarReflectionMode:0]]
[2022.03.17-13.03.02:216][  0]LogConfig: Setting CVar [[r.Mobile.SupportGPUScene:1]]
[2022.03.17-13.03.02:216][  0]LogConfig: Applying CVar settings from Section [/Script/Engine.RendererOverrideSettings] File [D:/Desktop/Project2MaxChris/Saved/Config/Windows/Engine.ini]
[2022.03.17-13.03.02:216][  0]LogConfig: Applying CVar settings from Section [/Script/Engine.StreamingSettings] File [D:/Desktop/Project2MaxChris/Saved/Config/Windows/Engine.ini]
[2022.03.17-13.03.02:216][  0]LogConfig: Setting CVar [[s.MinBulkDataSizeForAsyncLoading:131072]]
[2022.03.17-13.03.02:216][  0]LogConfig: Setting CVar [[s.AsyncLoadingThreadEnabled:0]]
[2022.03.17-13.03.02:216][  0]LogConfig: Setting CVar [[s.EventDrivenLoaderEnabled:1]]
[2022.03.17-13.03.02:216][  0]LogConfig: Setting CVar [[s.WarnIfTimeLimitExceeded:0]]
[2022.03.17-13.03.02:216][  0]LogConfig: Setting CVar [[s.TimeLimitExceededMultiplier:1.5]]
[2022.03.17-13.03.02:216][  0]LogConfig: Setting CVar [[s.TimeLimitExceededMinTime:0.005]]
[2022.03.17-13.03.02:216][  0]LogConfig: Setting CVar [[s.UseBackgroundLevelStreaming:1]]
[2022.03.17-13.03.02:216][  0]LogConfig: Setting CVar [[s.PriorityAsyncLoadingExtraTime:15.0]]
[2022.03.17-13.03.02:216][  0]LogConfig: Setting CVar [[s.LevelStreamingActorsUpdateTimeLimit:5.0]]
[2022.03.17-13.03.02:216][  0]LogConfig: Setting CVar [[s.PriorityLevelStreamingActorsUpdateExtraTime:5.0]]
[2022.03.17-13.03.02:216][  0]LogConfig: Setting CVar [[s.LevelStreamingComponentsRegistrationGranularity:10]]
[2022.03.17-13.03.02:216][  0]LogConfig: Setting CVar [[s.UnregisterComponentsTimeLimit:1.0]]
[2022.03.17-13.03.02:216][  0]LogConfig: Setting CVar [[s.LevelStreamingComponentsUnregistrationGranularity:5]]
[2022.03.17-13.03.02:216][  0]LogConfig: Setting CVar [[s.FlushStreamingOnExit:1]]
[2022.03.17-13.03.02:216][  0]LogConfig: Applying CVar settings from Section [/Script/Engine.GarbageCollectionSettings] File [D:/Desktop/Project2MaxChris/Saved/Config/Windows/Engine.ini]
[2022.03.17-13.03.02:216][  0]LogConfig: Setting CVar [[gc.MaxObjectsNotConsideredByGC:1]]
[2022.03.17-13.03.02:216][  0]LogConfig: Setting CVar [[gc.SizeOfPermanentObjectPool:0]]
[2022.03.17-13.03.02:216][  0]LogConfig: Setting CVar [[gc.FlushStreamingOnGC:0]]
[2022.03.17-13.03.02:216][  0]LogConfig: Setting CVar [[gc.NumRetriesBeforeForcingGC:10]]
[2022.03.17-13.03.02:217][  0]LogConfig: Setting CVar [[gc.AllowParallelGC:1]]
[2022.03.17-13.03.02:217][  0]LogConfig: Setting CVar [[gc.TimeBetweenPurgingPendingKillObjects:61.1]]
[2022.03.17-13.03.02:217][  0]LogConfig: Setting CVar [[gc.MaxObjectsInEditor:25165824]]
[2022.03.17-13.03.02:217][  0]LogConfig: Setting CVar [[gc.IncrementalBeginDestroyEnabled:1]]
[2022.03.17-13.03.02:217][  0]LogConfig: Setting CVar [[gc.CreateGCClusters:1]]
[2022.03.17-13.03.02:217][  0]LogConfig: Setting CVar [[gc.MinGCClusterSize:5]]
[2022.03.17-13.03.02:217][  0]LogConfig: Setting CVar [[gc.ActorClusteringEnabled:0]]
[2022.03.17-13.03.02:217][  0]LogConfig: Setting CVar [[gc.BlueprintClusteringEnabled:0]]
[2022.03.17-13.03.02:217][  0]LogConfig: Setting CVar [[gc.UseDisregardForGCOnDedicatedServers:0]]
[2022.03.17-13.03.02:217][  0]LogConfig: Setting CVar [[gc.MultithreadedDestructionEnabled:1]]
[2022.03.17-13.03.02:217][  0]LogConfig: Applying CVar settings from Section [/Script/Engine.NetworkSettings] File [D:/Desktop/Project2MaxChris/Saved/Config/Windows/Engine.ini]
[2022.03.17-13.03.02:217][  0]LogConfig: Applying CVar settings from Section [/Script/UnrealEd.CookerSettings] File [D:/Desktop/Project2MaxChris/Saved/Config/Windows/Engine.ini]
[2022.03.17-13.03.02:226][  0]LogConfig: Applying CVar settings from Section [ViewDistanceQuality@3] File [D:/Desktop/Project2MaxChris/Saved/Config/Windows/Scalability.ini]
[2022.03.17-13.03.02:226][  0]LogConfig: Setting CVar [[r.SkeletalMeshLODBias:0]]
[2022.03.17-13.03.02:226][  0]LogConfig: Setting CVar [[r.ViewDistanceScale:1.0]]
[2022.03.17-13.03.02:226][  0]LogConfig: Applying CVar settings from Section [AntiAliasingQuality@3] File [D:/Desktop/Project2MaxChris/Saved/Config/Windows/Scalability.ini]
[2022.03.17-13.03.02:226][  0]LogConfig: Setting CVar [[r.PostProcessAAQuality:4]]
[2022.03.17-13.03.02:226][  0]LogConfig: Applying CVar settings from Section [ShadowQuality@3] File [D:/Desktop/Project2MaxChris/Saved/Config/Windows/Scalability.ini]
[2022.03.17-13.03.02:226][  0]LogConfig: Setting CVar [[r.LightFunctionQuality:1]]
[2022.03.17-13.03.02:226][  0]LogConfig: Setting CVar [[r.ShadowQuality:5]]
[2022.03.17-13.03.02:226][  0]LogConfig: Setting CVar [[r.Shadow.CSM.MaxCascades:10]]
[2022.03.17-13.03.02:226][  0]LogConfig: Setting CVar [[r.Shadow.MaxResolution:2048]]
[2022.03.17-13.03.02:226][  0]LogConfig: Setting CVar [[r.Shadow.MaxCSMResolution:2048]]
[2022.03.17-13.03.02:226][  0]LogConfig: Setting CVar [[r.Shadow.RadiusThreshold:0.01]]
[2022.03.17-13.03.02:227][  0]LogConfig: Setting CVar [[r.Shadow.DistanceScale:1.0]]
[2022.03.17-13.03.02:227][  0]LogConfig: Setting CVar [[r.Shadow.CSM.TransitionScale:1.0]]
[2022.03.17-13.03.02:227][  0]LogConfig: Setting CVar [[r.Shadow.PreShadowResolutionFactor:1.0]]
[2022.03.17-13.03.02:227][  0]LogConfig: Setting CVar [[r.DistanceFieldShadowing:1]]
[2022.03.17-13.03.02:227][  0]LogConfig: Setting CVar [[r.DistanceFieldAO:1]]
[2022.03.17-13.03.02:227][  0]LogConfig: Setting CVar [[r.AOQuality:2]]
[2022.03.17-13.03.02:227][  0]LogConfig: Setting CVar [[r.VolumetricFog:1]]
[2022.03.17-13.03.02:227][  0]LogConfig: Setting CVar [[r.VolumetricFog.GridPixelSize:8]]
[2022.03.17-13.03.02:227][  0]LogConfig: Setting CVar [[r.VolumetricFog.GridSizeZ:128]]
[2022.03.17-13.03.02:227][  0]LogConfig: Setting CVar [[r.VolumetricFog.HistoryMissSupersampleCount:4]]
[2022.03.17-13.03.02:227][  0]LogConfig: Setting CVar [[r.LightMaxDrawDistanceScale:1]]
[2022.03.17-13.03.02:227][  0]LogConfig: Setting CVar [[r.CapsuleShadows:1]]
[2022.03.17-13.03.02:227][  0]LogConfig: Applying CVar settings from Section [PostProcessQuality@3] File [D:/Desktop/Project2MaxChris/Saved/Config/Windows/Scalability.ini]
[2022.03.17-13.03.02:227][  0]LogConfig: Setting CVar [[r.MotionBlurQuality:4]]
[2022.03.17-13.03.02:227][  0]LogConfig: Setting CVar [[r.AmbientOcclusionMipLevelFactor:0.4]]
[2022.03.17-13.03.02:227][  0]LogConfig: Setting CVar [[r.AmbientOcclusionMaxQuality:100]]
[2022.03.17-13.03.02:227][  0]LogConfig: Setting CVar [[r.AmbientOcclusionLevels:-1]]
[2022.03.17-13.03.02:227][  0]LogConfig: Setting CVar [[r.AmbientOcclusionRadiusScale:1.0]]
[2022.03.17-13.03.02:227][  0]LogConfig: Setting CVar [[r.DepthOfFieldQuality:2]]
[2022.03.17-13.03.02:227][  0]LogConfig: Setting CVar [[r.RenderTargetPoolMin:400]]
[2022.03.17-13.03.02:227][  0]LogConfig: Setting CVar [[r.LensFlareQuality:2]]
[2022.03.17-13.03.02:227][  0]LogConfig: Setting CVar [[r.SceneColorFringeQuality:1]]
[2022.03.17-13.03.02:227][  0]LogConfig: Setting CVar [[r.EyeAdaptationQuality:2]]
[2022.03.17-13.03.02:227][  0]LogConfig: Setting CVar [[r.BloomQuality:5]]
[2022.03.17-13.03.02:227][  0]LogConfig: Setting CVar [[r.FastBlurThreshold:100]]
[2022.03.17-13.03.02:227][  0]LogConfig: Setting CVar [[r.Upscale.Quality:3]]
[2022.03.17-13.03.02:227][  0]LogConfig: Setting CVar [[r.Tonemapper.GrainQuantization:1]]
[2022.03.17-13.03.02:227][  0]LogConfig: Setting CVar [[r.LightShaftQuality:1]]
[2022.03.17-13.03.02:227][  0]LogConfig: Setting CVar [[r.Filter.SizeScale:1]]
[2022.03.17-13.03.02:227][  0]LogConfig: Setting CVar [[r.Tonemapper.Quality:5]]
[2022.03.17-13.03.02:227][  0]LogConfig: Setting CVar [[r.DOF.Gather.AccumulatorQuality:1        ; higher gathering accumulator quality]]
[2022.03.17-13.03.02:227][  0]LogConfig: Setting CVar [[r.DOF.Gather.PostfilterMethod:1          ; Median3x3 postfilering method]]
[2022.03.17-13.03.02:227][  0]LogConfig: Setting CVar [[r.DOF.Gather.EnableBokehSettings:0       ; no bokeh simulation when gathering]]
[2022.03.17-13.03.02:227][  0]LogConfig: Setting CVar [[r.DOF.Gather.RingCount:4                 ; medium number of samples when gathering]]
[2022.03.17-13.03.02:227][  0]LogConfig: Setting CVar [[r.DOF.Scatter.ForegroundCompositing:1    ; additive foreground scattering]]
[2022.03.17-13.03.02:227][  0]LogConfig: Setting CVar [[r.DOF.Scatter.BackgroundCompositing:2    ; additive background scattering]]
[2022.03.17-13.03.02:227][  0]LogConfig: Setting CVar [[r.DOF.Scatter.EnableBokehSettings:1      ; bokeh simulation when scattering]]
[2022.03.17-13.03.02:227][  0]LogConfig: Setting CVar [[r.DOF.Scatter.MaxSpriteRatio:0.1         ; only a maximum of 10% of scattered bokeh]]
[2022.03.17-13.03.02:227][  0]LogConfig: Setting CVar [[r.DOF.Recombine.Quality:1                ; cheap slight out of focus]]
[2022.03.17-13.03.02:227][  0]LogConfig: Setting CVar [[r.DOF.Recombine.EnableBokehSettings:0    ; no bokeh simulation on slight out of focus]]
[2022.03.17-13.03.02:227][  0]LogConfig: Setting CVar [[r.DOF.TemporalAAQuality:1                ; more stable temporal accumulation]]
[2022.03.17-13.03.02:227][  0]LogConfig: Setting CVar [[r.DOF.Kernel.MaxForegroundRadius:0.025]]
[2022.03.17-13.03.02:227][  0]LogConfig: Setting CVar [[r.DOF.Kernel.MaxBackgroundRadius:0.025]]
[2022.03.17-13.03.02:228][  0]LogConfig: Applying CVar settings from Section [TextureQuality@3] File [D:/Desktop/Project2MaxChris/Saved/Config/Windows/Scalability.ini]
[2022.03.17-13.03.02:228][  0]LogConfig: Setting CVar [[r.Streaming.MipBias:0]]
[2022.03.17-13.03.02:228][  0]LogConfig: Setting CVar [[r.Streaming.AmortizeCPUToGPUCopy:0]]
[2022.03.17-13.03.02:228][  0]LogConfig: Setting CVar [[r.Streaming.MaxNumTexturesToStreamPerFrame:0]]
[2022.03.17-13.03.02:228][  0]LogConfig: Setting CVar [[r.Streaming.Boost:1]]
[2022.03.17-13.03.02:228][  0]LogConfig: Setting CVar [[r.MaxAnisotropy:8]]
[2022.03.17-13.03.02:228][  0]LogConfig: Setting CVar [[r.VT.MaxAnisotropy:8]]
[2022.03.17-13.03.02:228][  0]LogConfig: Setting CVar [[r.Streaming.LimitPoolSizeToVRAM:0]]
[2022.03.17-13.03.02:228][  0]LogConfig: Setting CVar [[r.Streaming.PoolSize:1000]]
[2022.03.17-13.03.02:228][  0]LogConfig: Setting CVar [[r.Streaming.MaxEffectiveScreenSize:0]]
[2022.03.17-13.03.02:228][  0]LogConfig: Applying CVar settings from Section [EffectsQuality@3] File [D:/Desktop/Project2MaxChris/Saved/Config/Windows/Scalability.ini]
[2022.03.17-13.03.02:228][  0]LogConfig: Setting CVar [[r.TranslucencyLightingVolumeDim:64]]
[2022.03.17-13.03.02:228][  0]LogConfig: Setting CVar [[r.RefractionQuality:2]]
[2022.03.17-13.03.02:228][  0]LogConfig: Setting CVar [[r.SSR.Quality:3]]
[2022.03.17-13.03.02:228][  0]LogConfig: Setting CVar [[r.SSR.HalfResSceneColor:0]]
[2022.03.17-13.03.02:228][  0]LogConfig: Setting CVar [[r.SceneColorFormat:4]]
[2022.03.17-13.03.02:228][  0]LogConfig: Setting CVar [[r.DetailMode:2]]
[2022.03.17-13.03.02:228][  0]LogConfig: Setting CVar [[r.TranslucencyVolumeBlur:1]]
[2022.03.17-13.03.02:228][  0]LogConfig: Setting CVar [[r.MaterialQualityLevel:1 ; High quality]]
[2022.03.17-13.03.02:228][  0]LogConfig: Setting CVar [[r.AnisotropicMaterials:1]]
[2022.03.17-13.03.02:228][  0]LogConfig: Setting CVar [[r.SSS.Scale:1]]
[2022.03.17-13.03.02:228][  0]LogConfig: Setting CVar [[r.SSS.SampleSet:2]]
[2022.03.17-13.03.02:228][  0]LogConfig: Setting CVar [[r.SSS.Quality:1]]
[2022.03.17-13.03.02:228][  0]LogConfig: Setting CVar [[r.SSS.HalfRes:0]]
[2022.03.17-13.03.02:228][  0]LogConfig: Setting CVar [[r.SSGI.Quality:3]]
[2022.03.17-13.03.02:228][  0]LogConfig: Setting CVar [[r.EmitterSpawnRateScale:1.0]]
[2022.03.17-13.03.02:228][  0]LogConfig: Setting CVar [[r.ParticleLightQuality:2]]
[2022.03.17-13.03.02:228][  0]LogConfig: Setting CVar [[r.SkyAtmosphere.AerialPerspectiveLUT.FastApplyOnOpaque:1 ; Always have FastSkyLUT 1 in this case to avoid wrong sky]]
[2022.03.17-13.03.02:228][  0]LogConfig: Setting CVar [[r.SkyAtmosphere.AerialPerspectiveLUT.SampleCountMaxPerSlice:4]]
[2022.03.17-13.03.02:228][  0]LogConfig: Setting CVar [[r.SkyAtmosphere.AerialPerspectiveLUT.DepthResolution:16.0]]
[2022.03.17-13.03.02:228][  0]LogConfig: Setting CVar [[r.SkyAtmosphere.FastSkyLUT:1]]
[2022.03.17-13.03.02:228][  0]LogConfig: Setting CVar [[r.SkyAtmosphere.FastSkyLUT.SampleCountMin:4.0]]
[2022.03.17-13.03.02:228][  0]LogConfig: Setting CVar [[r.SkyAtmosphere.FastSkyLUT.SampleCountMax:128.0]]
[2022.03.17-13.03.02:228][  0]LogConfig: Setting CVar [[r.SkyAtmosphere.SampleCountMin:4.0]]
[2022.03.17-13.03.02:228][  0]LogConfig: Setting CVar [[r.SkyAtmosphere.SampleCountMax:128.0]]
[2022.03.17-13.03.02:228][  0]LogConfig: Setting CVar [[r.SkyAtmosphere.TransmittanceLUT.UseSmallFormat:0]]
[2022.03.17-13.03.02:228][  0]LogConfig: Setting CVar [[r.SkyAtmosphere.TransmittanceLUT.SampleCount:10.0]]
[2022.03.17-13.03.02:228][  0]LogConfig: Setting CVar [[r.SkyAtmosphere.MultiScatteringLUT.SampleCount:15.0]]
[2022.03.17-13.03.02:228][  0]LogConfig: Setting CVar [[r.SkyLight.RealTimeReflectionCapture:1]]
[2022.03.17-13.03.02:228][  0]LogConfig: Setting CVar [[fx.Niagara.QualityLevel:3]]
[2022.03.17-13.03.02:229][  0]LogConfig: Applying CVar settings from Section [FoliageQuality@3] File [D:/Desktop/Project2MaxChris/Saved/Config/Windows/Scalability.ini]
[2022.03.17-13.03.02:229][  0]LogConfig: Setting CVar [[foliage.DensityScale:1.0]]
[2022.03.17-13.03.02:229][  0]LogConfig: Setting CVar [[grass.DensityScale:1.0]]
[2022.03.17-13.03.02:229][  0]LogConfig: Applying CVar settings from Section [ShadingQuality@3] File [D:/Desktop/Project2MaxChris/Saved/Config/Windows/Scalability.ini]
[2022.03.17-13.03.02:229][  0]LogConfig: Setting CVar [[r.HairStrands.SkyLighting.IntegrationType:2]]
[2022.03.17-13.03.02:229][  0]LogConfig: Setting CVar [[r.HairStrands.SkyAO.SampleCount:4]]
[2022.03.17-13.03.02:229][  0]LogConfig: Setting CVar [[r.HairStrands.Visibility.MSAA.SamplePerPixel:4]]
[2022.03.17-13.03.02:229][  0]LogConfig: Setting CVar [[r.HairStrands.Interpolation.UseSingleGuide:0]]
[2022.03.17-13.03.02:229][  0]LogInit: Selected Device Profile: [Windows]
[2022.03.17-13.03.02:229][  0]LogInit: Applying CVar settings loaded from the selected device profile: [Windows]
[2022.03.17-13.03.02:229][  0]LogHAL: Display: Platform has ~ 16 GB [17076088832 / 17179869184 / 16], which maps to Larger [LargestMinGB=32, LargerMinGB=12, DefaultMinGB=8, SmallerMinGB=6, SmallestMinGB=0)
[2022.03.17-13.03.02:229][  0]LogInit: Going up to parent DeviceProfile []
[2022.03.17-13.03.02:229][  0]LogConfig: Applying CVar settings from Section [ViewDistanceQuality@3] File [D:/Desktop/Project2MaxChris/Saved/Config/Windows/Scalability.ini]
[2022.03.17-13.03.02:229][  0]LogConfig: Setting CVar [[r.SkeletalMeshLODBias:0]]
[2022.03.17-13.03.02:229][  0]LogConfig: Setting CVar [[r.ViewDistanceScale:1.0]]
[2022.03.17-13.03.02:229][  0]LogConfig: Applying CVar settings from Section [AntiAliasingQuality@3] File [D:/Desktop/Project2MaxChris/Saved/Config/Windows/Scalability.ini]
[2022.03.17-13.03.02:229][  0]LogConfig: Setting CVar [[r.PostProcessAAQuality:4]]
[2022.03.17-13.03.02:229][  0]LogConfig: Applying CVar settings from Section [ShadowQuality@3] File [D:/Desktop/Project2MaxChris/Saved/Config/Windows/Scalability.ini]
[2022.03.17-13.03.02:229][  0]LogConfig: Setting CVar [[r.LightFunctionQuality:1]]
[2022.03.17-13.03.02:229][  0]LogConfig: Setting CVar [[r.ShadowQuality:5]]
[2022.03.17-13.03.02:229][  0]LogConfig: Setting CVar [[r.Shadow.CSM.MaxCascades:10]]
[2022.03.17-13.03.02:229][  0]LogConfig: Setting CVar [[r.Shadow.MaxResolution:2048]]
[2022.03.17-13.03.02:229][  0]LogConfig: Setting CVar [[r.Shadow.MaxCSMResolution:2048]]
[2022.03.17-13.03.02:229][  0]LogConfig: Setting CVar [[r.Shadow.RadiusThreshold:0.01]]
[2022.03.17-13.03.02:229][  0]LogConfig: Setting CVar [[r.Shadow.DistanceScale:1.0]]
[2022.03.17-13.03.02:229][  0]LogConfig: Setting CVar [[r.Shadow.CSM.TransitionScale:1.0]]
[2022.03.17-13.03.02:229][  0]LogConfig: Setting CVar [[r.Shadow.PreShadowResolutionFactor:1.0]]
[2022.03.17-13.03.02:229][  0]LogConfig: Setting CVar [[r.DistanceFieldShadowing:1]]
[2022.03.17-13.03.02:229][  0]LogConfig: Setting CVar [[r.DistanceFieldAO:1]]
[2022.03.17-13.03.02:229][  0]LogConfig: Setting CVar [[r.AOQuality:2]]
[2022.03.17-13.03.02:229][  0]LogConfig: Setting CVar [[r.VolumetricFog:1]]
[2022.03.17-13.03.02:229][  0]LogConfig: Setting CVar [[r.VolumetricFog.GridPixelSize:8]]
[2022.03.17-13.03.02:229][  0]LogConfig: Setting CVar [[r.VolumetricFog.GridSizeZ:128]]
[2022.03.17-13.03.02:229][  0]LogConfig: Setting CVar [[r.VolumetricFog.HistoryMissSupersampleCount:4]]
[2022.03.17-13.03.02:229][  0]LogConfig: Setting CVar [[r.LightMaxDrawDistanceScale:1]]
[2022.03.17-13.03.02:230][  0]LogConfig: Setting CVar [[r.CapsuleShadows:1]]
[2022.03.17-13.03.02:230][  0]LogConfig: Applying CVar settings from Section [PostProcessQuality@0] File [D:/Desktop/Project2MaxChris/Saved/Config/Windows/Scalability.ini]
[2022.03.17-13.03.02:230][  0]LogConfig: Setting CVar [[r.MotionBlurQuality:0]]
[2022.03.17-13.03.02:230][  0]LogConfig: Setting CVar [[r.AmbientOcclusionMipLevelFactor:1.0]]
[2022.03.17-13.03.02:230][  0]LogConfig: Setting CVar [[r.AmbientOcclusionMaxQuality:0]]
[2022.03.17-13.03.02:230][  0]LogConfig: Setting CVar [[r.AmbientOcclusionLevels:0]]
[2022.03.17-13.03.02:230][  0]LogConfig: Setting CVar [[r.AmbientOcclusionRadiusScale:1.2]]
[2022.03.17-13.03.02:230][  0]LogConfig: Setting CVar [[r.DepthOfFieldQuality:0]]
[2022.03.17-13.03.02:230][  0]LogConfig: Setting CVar [[r.RenderTargetPoolMin:300]]
[2022.03.17-13.03.02:230][  0]LogConfig: Setting CVar [[r.LensFlareQuality:0]]
[2022.03.17-13.03.02:230][  0]LogConfig: Setting CVar [[r.SceneColorFringeQuality:0]]
[2022.03.17-13.03.02:230][  0]LogConfig: Setting CVar [[r.EyeAdaptationQuality:2]]
[2022.03.17-13.03.02:230][  0]LogConfig: Setting CVar [[r.BloomQuality:4]]
[2022.03.17-13.03.02:230][  0]LogConfig: Setting CVar [[r.FastBlurThreshold:0]]
[2022.03.17-13.03.02:230][  0]LogConfig: Setting CVar [[r.Upscale.Quality:1]]
[2022.03.17-13.03.02:230][  0]LogConfig: Setting CVar [[r.Tonemapper.GrainQuantization:0]]
[2022.03.17-13.03.02:230][  0]LogConfig: Setting CVar [[r.LightShaftQuality:0]]
[2022.03.17-13.03.02:230][  0]LogConfig: Setting CVar [[r.Filter.SizeScale:0.6]]
[2022.03.17-13.03.02:230][  0]LogConfig: Setting CVar [[r.Tonemapper.Quality:0]]
[2022.03.17-13.03.02:230][  0]LogConfig: Applying CVar settings from Section [TextureQuality@3] File [D:/Desktop/Project2MaxChris/Saved/Config/Windows/Scalability.ini]
[2022.03.17-13.03.02:230][  0]LogConfig: Setting CVar [[r.Streaming.MipBias:0]]
[2022.03.17-13.03.02:230][  0]LogConfig: Setting CVar [[r.Streaming.AmortizeCPUToGPUCopy:0]]
[2022.03.17-13.03.02:230][  0]LogConfig: Setting CVar [[r.Streaming.MaxNumTexturesToStreamPerFrame:0]]
[2022.03.17-13.03.02:230][  0]LogConfig: Setting CVar [[r.Streaming.Boost:1]]
[2022.03.17-13.03.02:230][  0]LogConfig: Setting CVar [[r.MaxAnisotropy:8]]
[2022.03.17-13.03.02:230][  0]LogConfig: Setting CVar [[r.VT.MaxAnisotropy:8]]
[2022.03.17-13.03.02:230][  0]LogConfig: Setting CVar [[r.Streaming.LimitPoolSizeToVRAM:0]]
[2022.03.17-13.03.02:230][  0]LogConfig: Setting CVar [[r.Streaming.PoolSize:1000]]
[2022.03.17-13.03.02:230][  0]LogConfig: Setting CVar [[r.Streaming.MaxEffectiveScreenSize:0]]
[2022.03.17-13.03.02:230][  0]LogConfig: Applying CVar settings from Section [EffectsQuality@2] File [D:/Desktop/Project2MaxChris/Saved/Config/Windows/Scalability.ini]
[2022.03.17-13.03.02:230][  0]LogConfig: Setting CVar [[r.TranslucencyLightingVolumeDim:48]]
[2022.03.17-13.03.02:230][  0]LogConfig: Setting CVar [[r.RefractionQuality:2]]
[2022.03.17-13.03.02:230][  0]LogConfig: Setting CVar [[r.SSR.Quality:2]]
[2022.03.17-13.03.02:230][  0]LogConfig: Setting CVar [[r.SSR.HalfResSceneColor:1]]
[2022.03.17-13.03.02:230][  0]LogConfig: Setting CVar [[r.SceneColorFormat:3]]
[2022.03.17-13.03.02:230][  0]LogConfig: Setting CVar [[r.DetailMode:1]]
[2022.03.17-13.03.02:230][  0]LogConfig: Setting CVar [[r.TranslucencyVolumeBlur:1]]
[2022.03.17-13.03.02:230][  0]LogConfig: Setting CVar [[r.MaterialQualityLevel:1 ; High quality]]
[2022.03.17-13.03.02:230][  0]LogConfig: Setting CVar [[r.AnisotropicMaterials:1]]
[2022.03.17-13.03.02:230][  0]LogConfig: Setting CVar [[r.SSS.Scale:1]]
[2022.03.17-13.03.02:230][  0]LogConfig: Setting CVar [[r.SSS.SampleSet:1]]
[2022.03.17-13.03.02:230][  0]LogConfig: Setting CVar [[r.SSS.Quality:-1]]
[2022.03.17-13.03.02:230][  0]LogConfig: Setting CVar [[r.SSS.HalfRes:1]]
[2022.03.17-13.03.02:230][  0]LogConfig: Setting CVar [[r.SSGI.Quality:2]]
[2022.03.17-13.03.02:230][  0]LogConfig: Setting CVar [[r.EmitterSpawnRateScale:0.5]]
[2022.03.17-13.03.02:230][  0]LogConfig: Setting CVar [[r.ParticleLightQuality:1]]
[2022.03.17-13.03.02:230][  0]LogConfig: Setting CVar [[r.SkyAtmosphere.AerialPerspectiveLUT.FastApplyOnOpaque:1 ; Always have FastSkyLUT 1 in this case to avoid wrong sky]]
[2022.03.17-13.03.02:230][  0]LogConfig: Setting CVar [[r.SkyAtmosphere.AerialPerspectiveLUT.SampleCountMaxPerSlice:2]]
[2022.03.17-13.03.02:231][  0]LogConfig: Setting CVar [[r.SkyAtmosphere.AerialPerspectiveLUT.DepthResolution:16.0]]
[2022.03.17-13.03.02:231][  0]LogConfig: Setting CVar [[r.SkyAtmosphere.FastSkyLUT:1]]
[2022.03.17-13.03.02:231][  0]LogConfig: Setting CVar [[r.SkyAtmosphere.FastSkyLUT.SampleCountMin:4.0]]
[2022.03.17-13.03.02:231][  0]LogConfig: Setting CVar [[r.SkyAtmosphere.FastSkyLUT.SampleCountMax:64.0]]
[2022.03.17-13.03.02:231][  0]LogConfig: Setting CVar [[r.SkyAtmosphere.SampleCountMin:4.0]]
[2022.03.17-13.03.02:231][  0]LogConfig: Setting CVar [[r.SkyAtmosphere.SampleCountMax:64.0]]
[2022.03.17-13.03.02:231][  0]LogConfig: Setting CVar [[r.SkyAtmosphere.TransmittanceLUT.UseSmallFormat:0]]
[2022.03.17-13.03.02:231][  0]LogConfig: Setting CVar [[r.SkyAtmosphere.TransmittanceLUT.SampleCount:10.0]]
[2022.03.17-13.03.02:231][  0]LogConfig: Setting CVar [[r.SkyAtmosphere.MultiScatteringLUT.SampleCount:15.0]]
[2022.03.17-13.03.02:231][  0]LogConfig: Setting CVar [[r.SkyLight.RealTimeReflectionCapture:1]]
[2022.03.17-13.03.02:231][  0]LogConfig: Setting CVar [[fx.Niagara.QualityLevel:2]]
[2022.03.17-13.03.02:231][  0]LogConfig: Applying CVar settings from Section [FoliageQuality@3] File [D:/Desktop/Project2MaxChris/Saved/Config/Windows/Scalability.ini]
[2022.03.17-13.03.02:231][  0]LogConfig: Setting CVar [[foliage.DensityScale:1.0]]
[2022.03.17-13.03.02:231][  0]LogConfig: Setting CVar [[grass.DensityScale:1.0]]
[2022.03.17-13.03.02:231][  0]LogConfig: Applying CVar settings from Section [ShadingQuality@3] File [D:/Desktop/Project2MaxChris/Saved/Config/Windows/Scalability.ini]
[2022.03.17-13.03.02:231][  0]LogConfig: Setting CVar [[r.HairStrands.SkyLighting.IntegrationType:2]]
[2022.03.17-13.03.02:231][  0]LogConfig: Setting CVar [[r.HairStrands.SkyAO.SampleCount:4]]
[2022.03.17-13.03.02:231][  0]LogConfig: Setting CVar [[r.HairStrands.Visibility.MSAA.SamplePerPixel:4]]
[2022.03.17-13.03.02:231][  0]LogConfig: Setting CVar [[r.HairStrands.Interpolation.UseSingleGuide:0]]
[2022.03.17-13.03.02:231][  0]LogConfig: Applying CVar settings from Section [Startup] File [../../../Engine/Config/ConsoleVariables.ini]
[2022.03.17-13.03.02:231][  0]LogConfig: Setting CVar [[net.UseAdaptiveNetUpdateFrequency:0]]
[2022.03.17-13.03.02:231][  0]LogConfig: Setting CVar [[p.chaos.AllowCreatePhysxBodies:1]]
[2022.03.17-13.03.02:231][  0]LogConfig: Setting CVar [[fx.SkipVectorVMBackendOptimizations:1]]
[2022.03.17-13.03.02:231][  0]LogConfig: Applying CVar settings from Section [ConsoleVariables] File [D:/Desktop/Project2MaxChris/Saved/Config/Windows/Engine.ini]
[2022.03.17-13.03.02:232][  0]LogConfig: Applying CVar settings from Section [ConsoleVariables] File [D:/Desktop/Project2MaxChris/Saved/Config/Windows/Editor.ini]
[2022.03.17-13.03.02:232][  0]LogInit: Computer: DESKTOP-AUDTLTP
[2022.03.17-13.03.02:232][  0]LogInit: User: VRLab
[2022.03.17-13.03.02:232][  0]LogInit: CPU Page size=4096, Cores=4
[2022.03.17-13.03.02:232][  0]LogInit: High frequency timer resolution =10.000000 MHz
[2022.03.17-13.03.02:232][  0]LogMemory: Memory total: Physical=15.9GB (16GB approx)
[2022.03.17-13.03.02:232][  0]LogMemory: Platform Memory Stats for Windows
[2022.03.17-13.03.02:232][  0]LogMemory: Process Physical Memory: 141.94 MB used, 141.95 MB peak
[2022.03.17-13.03.02:232][  0]LogMemory: Process Virtual Memory: 126.20 MB used, 126.20 MB peak
[2022.03.17-13.03.02:232][  0]LogMemory: Physical Memory: 7214.94 MB used,  9070.09 MB free, 16285.03 MB total
[2022.03.17-13.03.02:232][  0]LogMemory: Virtual Memory: 134201032.00 MB used,  16697.77 MB free, 134217728.00 MB total
[2022.03.17-13.03.02:238][  0]LogWindows: WindowsPlatformFeatures enabled
[2022.03.17-13.03.02:309][  0]LogInit: Physics initialised using underlying interface: PhysX
[2022.03.17-13.03.02:310][  0]LogInit: Using OS detected language (en-US).
[2022.03.17-13.03.02:311][  0]LogInit: Using OS detected locale (en-US).
[2022.03.17-13.03.02:314][  0]LogTextLocalizationManager: No specific localization for 'en-US' exists, so the 'en' localization will be used.
[2022.03.17-13.03.02:744][  0]LogInit: Setting process to per monitor DPI aware
[2022.03.17-13.03.02:769][  0]LogWindowsTextInputMethodSystem: Display: IME system deactivated.
[2022.03.17-13.03.02:792][  0]LogSlate: New Slate User Created.  User Index 0, Is Virtual User: 0
[2022.03.17-13.03.02:792][  0]LogSlate: Slate User Registered.  User Index 0, Is Virtual User: 0
[2022.03.17-13.03.03:023][  0]LogD3D11RHI: Loaded GFSDK_Aftermath_Lib.x64.dll
[2022.03.17-13.03.03:053][  0]LogHMD: Optional extension XR_VARJO_quad_views is not available
[2022.03.17-13.03.03:054][  0]LogHMD: Warning: Required extension XR_EXT_eye_gaze_interaction is not available
[2022.03.17-13.03.03:054][  0]LogHMD: Could not enable all required OpenXR extensions for OpenXREyeTracker on current system. This plugin will be loaded but ignored, but will be enabled on a target platform that supports the required extension.
[2022.03.17-13.03.03:135][  0]LogD3D11RHI: D3D11 min allowed feature level: 11_0
[2022.03.17-13.03.03:135][  0]LogD3D11RHI: D3D11 max allowed feature level: 11_0
[2022.03.17-13.03.03:135][  0]LogD3D11RHI: D3D11 adapters:
[2022.03.17-13.03.03:325][  0]LogD3D11RHI:    0. 'NVIDIA GeForce RTX 2080' (Feature Level 11_0)
[2022.03.17-13.03.03:325][  0]LogD3D11RHI:       8010/0/8142 MB DedicatedVideo/DedicatedSystem/SharedSystem, Outputs:1, VendorId:0x10de
[2022.03.17-13.03.03:369][  0]LogD3D11RHI:    1. 'Intel(R) HD Graphics 530' (Feature Level 11_0)
[2022.03.17-13.03.03:369][  0]LogD3D11RHI:       128/0/8142 MB DedicatedVideo/DedicatedSystem/SharedSystem, Outputs:0, VendorId:0x8086
[2022.03.17-13.03.03:374][  0]LogD3D11RHI:    2. 'Microsoft Basic Render Driver' (Feature Level 11_0)
[2022.03.17-13.03.03:374][  0]LogD3D11RHI:       0/0/8142 MB DedicatedVideo/DedicatedSystem/SharedSystem, Outputs:0, VendorId:0x1414
[2022.03.17-13.03.03:374][  0]LogD3D11RHI: Chosen D3D11 Adapter:
[2022.03.17-13.03.03:374][  0]LogD3D11RHI:     Description : NVIDIA GeForce RTX 2080
[2022.03.17-13.03.03:374][  0]LogD3D11RHI:     VendorId    : 10de
[2022.03.17-13.03.03:374][  0]LogD3D11RHI:     DeviceId    : 1e87
[2022.03.17-13.03.03:374][  0]LogD3D11RHI:     SubSysId    : 21823842
[2022.03.17-13.03.03:374][  0]LogD3D11RHI:     Revision    : 00a1
[2022.03.17-13.03.03:374][  0]LogD3D11RHI:     DedicatedVideoMemory : 8399093760 bytes
[2022.03.17-13.03.03:374][  0]LogD3D11RHI:     DedicatedSystemMemory : 0 bytes
[2022.03.17-13.03.03:374][  0]LogD3D11RHI:     SharedSystemMemory : 8538044416 bytes
[2022.03.17-13.03.03:374][  0]LogD3D11RHI:     AdapterLuid : 0 65233
[2022.03.17-13.03.03:388][  0]LogD3D11RHI: Creating new Direct3DDevice
[2022.03.17-13.03.03:388][  0]LogD3D11RHI:     GPU DeviceId: 0x1e87 (for the marketing name, search the web for "GPU Device Id")
[2022.03.17-13.03.03:388][  0]LogWindows: EnumDisplayDevices:
[2022.03.17-13.03.03:388][  0]LogWindows:    0. 'NVIDIA GeForce RTX 2080' (P:1 D:1)
[2022.03.17-13.03.03:389][  0]LogWindows:    1. 'NVIDIA GeForce RTX 2080' (P:0 D:0)
[2022.03.17-13.03.03:390][  0]LogWindows:    2. 'NVIDIA GeForce RTX 2080' (P:0 D:0)
[2022.03.17-13.03.03:390][  0]LogWindows:    3. 'NVIDIA GeForce RTX 2080' (P:0 D:0)
[2022.03.17-13.03.03:390][  0]LogWindows:    4. 'Intel(R) HD Graphics 530' (P:0 D:0)
[2022.03.17-13.03.03:391][  0]LogWindows:    5. 'Intel(R) HD Graphics 530' (P:0 D:0)
[2022.03.17-13.03.03:392][  0]LogWindows:    6. 'Intel(R) HD Graphics 530' (P:0 D:0)
[2022.03.17-13.03.03:392][  0]LogWindows: DebugString: PrimaryIsNotTheChoosenAdapter PrimaryIsNotTheChoosenAdapter PrimaryIsNotTheChoosenAdapter FoundDriverCount:4 
[2022.03.17-13.03.03:392][  0]LogD3D11RHI:     Adapter Name: NVIDIA GeForce RTX 2080
[2022.03.17-13.03.03:392][  0]LogD3D11RHI:   Driver Version: 466.11 (internal:27.21.14.6611, unified:466.11)
[2022.03.17-13.03.03:392][  0]LogD3D11RHI:      Driver Date: 4-12-2021
[2022.03.17-13.03.03:392][  0]LogRHI: Texture pool is 5607 MB (70% of 8010 MB)
[2022.03.17-13.03.03:392][  0]LogD3D11RHI: Creating D3DDevice using adapter:
[2022.03.17-13.03.03:392][  0]LogD3D11RHI:     Description : NVIDIA GeForce RTX 2080
[2022.03.17-13.03.03:392][  0]LogD3D11RHI:     VendorId    : 10de
[2022.03.17-13.03.03:392][  0]LogD3D11RHI:     DeviceId    : 1e87
[2022.03.17-13.03.03:392][  0]LogD3D11RHI:     SubSysId    : 21823842
[2022.03.17-13.03.03:392][  0]LogD3D11RHI:     Revision    : 00a1
[2022.03.17-13.03.03:392][  0]LogD3D11RHI:     DedicatedVideoMemory : 8399093760 bytes
[2022.03.17-13.03.03:392][  0]LogD3D11RHI:     DedicatedSystemMemory : 0 bytes
[2022.03.17-13.03.03:392][  0]LogD3D11RHI:     SharedSystemMemory : 8538044416 bytes
[2022.03.17-13.03.03:392][  0]LogD3D11RHI:     AdapterLuid : 0 65233
[2022.03.17-13.03.03:535][  0]LogD3D11RHI: RHI has support for 64 bit atomics
[2022.03.17-13.03.03:535][  0]LogD3D11RHI: Async texture creation enabled
[2022.03.17-13.03.03:535][  0]LogD3D11RHI: Array index from any shader is supported
[2022.03.17-13.03.03:560][  0]LogD3D11RHI: GPU Timing Frequency: 1000.000000 (Debug: 2 1)
[2022.03.17-13.03.03:657][  0]LogRHI: GeForceNow SDK initialized: 1
[2022.03.17-13.03.04:294][  0]LogTargetPlatformManager: Display: Loaded TargetPlatform 'AllDesktop'
[2022.03.17-13.03.04:338][  0]LogTargetPlatformManager: Display: Loaded TargetPlatform 'Android'
[2022.03.17-13.03.04:338][  0]LogTargetPlatformManager: Display: Loaded TargetPlatform 'Android_ASTC'
[2022.03.17-13.03.04:338][  0]LogTargetPlatformManager: Display: Loaded TargetPlatform 'Android_DXT'
[2022.03.17-13.03.04:338][  0]LogTargetPlatformManager: Display: Loaded TargetPlatform 'Android_ETC2'
[2022.03.17-13.03.04:338][  0]LogTargetPlatformManager: Display: Loaded TargetPlatform 'AndroidClient'
[2022.03.17-13.03.04:338][  0]LogTargetPlatformManager: Display: Loaded TargetPlatform 'Android_ASTCClient'
[2022.03.17-13.03.04:338][  0]LogTargetPlatformManager: Display: Loaded TargetPlatform 'Android_DXTClient'
[2022.03.17-13.03.04:338][  0]LogTargetPlatformManager: Display: Loaded TargetPlatform 'Android_ETC2Client'
[2022.03.17-13.03.04:338][  0]LogTargetPlatformManager: Display: Loaded TargetPlatform 'Android_Multi'
[2022.03.17-13.03.04:338][  0]LogTargetPlatformManager: Display: Loaded TargetPlatform 'Android_MultiClient'
[2022.03.17-13.03.04:370][  0]LogTargetPlatformManager: Display: Loaded TargetPlatform 'IOSClient'
[2022.03.17-13.03.04:370][  0]LogTargetPlatformManager: Display: Loaded TargetPlatform 'IOS'
[2022.03.17-13.03.04:386][  0]LogTargetPlatformManager: Display: Loaded TargetPlatform 'Linux'
[2022.03.17-13.03.04:394][  0]LogTargetPlatformManager: Display: Loaded TargetPlatform 'LinuxNoEditor'
[2022.03.17-13.03.04:404][  0]LogTargetPlatformManager: Display: Loaded TargetPlatform 'LinuxClient'
[2022.03.17-13.03.04:411][  0]LogTargetPlatformManager: Display: Loaded TargetPlatform 'LinuxServer'
[2022.03.17-13.03.04:427][  0]LogTargetPlatformManager: Display: Loaded TargetPlatform 'LinuxAArch64NoEditor'
[2022.03.17-13.03.04:434][  0]LogTargetPlatformManager: Display: Loaded TargetPlatform 'LinuxAArch64Client'
[2022.03.17-13.03.04:441][  0]LogTargetPlatformManager: Display: Loaded TargetPlatform 'LinuxAArch64Server'
[2022.03.17-13.03.04:485][  0]LogTargetPlatformManager: Display: Loaded TargetPlatform 'Lumin'
[2022.03.17-13.03.04:485][  0]LogTargetPlatformManager: Display: Loaded TargetPlatform 'LuminClient'
[2022.03.17-13.03.04:499][  0]LogTargetPlatformManager: Display: Loaded TargetPlatform 'MacNoEditor'
[2022.03.17-13.03.04:507][  0]LogTargetPlatformManager: Display: Loaded TargetPlatform 'Mac'
[2022.03.17-13.03.04:514][  0]LogTargetPlatformManager: Display: Loaded TargetPlatform 'MacClient'
[2022.03.17-13.03.04:521][  0]LogTargetPlatformManager: Display: Loaded TargetPlatform 'MacServer'
[2022.03.17-13.03.04:539][  0]LogTargetPlatformManager: Display: Loaded TargetPlatform 'TVOSClient'
[2022.03.17-13.03.04:539][  0]LogTargetPlatformManager: Display: Loaded TargetPlatform 'TVOS'
[2022.03.17-13.03.04:556][  0]LogTargetPlatformManager: Display: Loaded TargetPlatform 'WindowsNoEditor'
[2022.03.17-13.03.04:563][  0]LogTargetPlatformManager: Display: Loaded TargetPlatform 'Windows'
[2022.03.17-13.03.04:570][  0]LogTargetPlatformManager: Display: Loaded TargetPlatform 'WindowsClient'
[2022.03.17-13.03.04:578][  0]LogTargetPlatformManager: Display: Loaded TargetPlatform 'WindowsServer'
[2022.03.17-13.03.04:578][  0]LogTargetPlatformManager: Display: Building Assets For Windows
[2022.03.17-13.03.04:588][  0]LogAudioDebug: Display: Lib vorbis DLL was dynamically loaded.
[2022.03.17-13.03.04:633][  0]LogTextureFormatOodle: Display: Oodle Texture 2.9.0 init RDO Off
[2022.03.17-13.03.04:679][  0]LogRendererCore: Ray tracing is disabled. Reason: r.RayTracing=0.
[2022.03.17-13.03.04:680][  0]LogShaderCompilers: Guid format shader working directory is 7 characters bigger than the processId version (../../../../../Desktop/Project2MaxChris/Intermediate/Shaders/WorkingDirectory/15924/).
[2022.03.17-13.03.04:680][  0]LogShaderCompilers: Cleaned the shader compiler working directory 'C:/Users/VR Lab/AppData/Local/Temp/UnrealShaderWorkingDir/07B1EEC24E57DCAF5EB826AEDDB0ECDE/'.
[2022.03.17-13.03.04:680][  0]LogXGEController: Cannot use XGE Controller as Incredibuild is not installed on this machine.
[2022.03.17-13.03.04:680][  0]LogShaderCompilers: Cannot use XGE Shader Compiler as Incredibuild is not installed on this machine.
[2022.03.17-13.03.04:680][  0]LogShaderCompilers: Display: Using Local Shader Compiler.
[2022.03.17-13.03.06:213][  0]LogDerivedDataCache: Display: Max Cache Size: 512 MB
[2022.03.17-13.03.06:383][  0]LogDerivedDataCache: Loaded boot cache 0.17s 100MB C:/Users/VR Lab/AppData/Local/UnrealEngine/4.27/DerivedDataCache/Boot.ddc.
[2022.03.17-13.03.06:383][  0]LogDerivedDataCache: Display: Loaded Boot cache: C:/Users/VR Lab/AppData/Local/UnrealEngine/4.27/DerivedDataCache/Boot.ddc
[2022.03.17-13.03.06:383][  0]LogDerivedDataCache: FDerivedDataBackendGraph:  Pak pak cache file ../../../../../Desktop/Project2MaxChris/DerivedDataCache/DDC.ddp not found, will not use a pak cache.
[2022.03.17-13.03.06:383][  0]LogDerivedDataCache: Unable to find inner node Pak for hierarchical cache Hierarchy.
[2022.03.17-13.03.06:383][  0]LogDerivedDataCache: FDerivedDataBackendGraph:  CompressedPak pak cache file ../../../../../Desktop/Project2MaxChris/DerivedDataCache/Compressed.ddp not found, will not use a pak cache.
[2022.03.17-13.03.06:383][  0]LogDerivedDataCache: Unable to find inner node CompressedPak for hierarchical cache Hierarchy.
[2022.03.17-13.03.06:408][  0]LogDerivedDataCache: Display: Pak cache opened for reading ../../../Engine/DerivedDataCache/Compressed.ddp.
[2022.03.17-13.03.06:409][  0]LogDerivedDataCache: FDerivedDataBackendGraph:  EnterprisePak pak cache file ../../../Enterprise/DerivedDataCache/Compressed.ddp not found, will not use a pak cache.
[2022.03.17-13.03.06:409][  0]LogDerivedDataCache: Unable to find inner node EnterprisePak for hierarchical cache Hierarchy.
[2022.03.17-13.03.06:420][  0]LogDerivedDataCache: Speed tests for C:/Users/VR Lab/AppData/Local/UnrealEngine/Common/DerivedDataCache took 0.01 seconds
[2022.03.17-13.03.06:424][  0]LogDerivedDataCache: Display: Performance to C:/Users/VR Lab/AppData/Local/UnrealEngine/Common/DerivedDataCache: Latency=0.05ms. RandomReadSpeed=624.50MBs, RandomWriteSpeed=102.90MBs. Assigned SpeedClass 'Local'
[2022.03.17-13.03.06:426][  0]LogDerivedDataCache: Using Local data cache path C:/Users/VR Lab/AppData/Local/UnrealEngine/Common/DerivedDataCache: Writable
[2022.03.17-13.03.06:426][  0]LogDerivedDataCache: Shared data cache path not found in *engine.ini, will not use an Shared cache.
[2022.03.17-13.03.06:426][  0]LogDerivedDataCache: Unable to find inner node Shared for hierarchical cache Hierarchy.
[2022.03.17-13.03.06:533][  0]LogSlate: Using FreeType 2.10.0
[2022.03.17-13.03.06:534][  0]LogSlate: SlateFontServices - WITH_FREETYPE: 1, WITH_HARFBUZZ: 1
[2022.03.17-13.03.06:581][  0]LogAssetRegistry: FAssetRegistry took 0.0057 seconds to start up
[2022.03.17-13.03.07:051][  0]LogInit: Selected Device Profile: [Windows]
[2022.03.17-13.03.07:051][  0]LogInit: Active device profile: [000001402ACB8E00][0000014029EC2E40 49] Windows
[2022.03.17-13.03.07:051][  0]LogInit: Profiles: [000001402ACB8E00][0000014029EC2E40 49] Windows, [000001402AC7A500][0000014029ECAFC0 49] WindowsNoEditor, [000001402ACB9D00][0000014025F69140 49] WindowsServer, [000001402AC7B300][0000014025F6D2C0 49] WindowsClient, [000001402ACBAA00][0000014025F71440 49] IOS, [000001402AC7B900][0000014025F755C0 49] iPadAir, [000001402ACB9500][0000014025F79740 49] iPadAir2, [000001402AC21300][0000014025F81A00 49] IPadPro, [000001402AC21400][0000014025F7DA40 49] iPadAir3, [000001402AC78C00][0000014025F85BC0 49] iPadAir4, [000001402AC22000][0000014025F881C0 49] iPadMini2, [000001402AC7B100][0000014025F8C340 49] iPadMini3, [000001402AC22A00][0000014025F904C0 49] iPadMini4, [000001402AC78F00][0000014029EC6600 49] iPadMini5, [000001402ACACB00][0000014025F98840 49] iPhone6, [000001402ACACC00][0000014025F94880 49] iPodTouch6, [000001402ACBA900][0000014025FA4B00 49] iPhone7, [000001402ACB8F00][0000014025F9CB40 49] iPodTouch7, [000001402AC21200][0000014025FA8CC0 49] iPhone5S, [000001402ACBAC00][00000140275E6E40 49] iPhone6Plus, [000001402AC23D00][00000140275EAFC0 49] iPhone6S, [000001402AC20100][00000140275EF140 49] iPhone6SPlus, [000001402ACAFF00][00000140275F32C0 49] iPhone7Plus, [000001402AC22200][00000140275F7440 49] iPhoneSE, [000001402ACAE800][00000140275FB5C0 49] iPhone8, [000001402AC22500][00000140275FF740 49] iPhone8Plus, [000001402ACAF900][00000140276038C0 49] iPhoneX, [000001402AC22400][0000014027607A40 49] iPhoneXS, [000001402ACACE00][000001402760BBC0 49] iPhoneXSMax, [000001402ACB9800][000001402760E1C0 49] iPhoneXR, [000001402ACAD600][0000014027612340 49] iPhone11, [000001402ACB9A00][00000140276164C0 49] iPhone11Pro, [000001402ACAD800][000001402761A640 49] iPhone11ProMax, [000001402ACB9100][000001402761E7C0 49] iPhoneSE2, [000001402ACAFA00][0000014025FA0900 49] iPhone12Mini, [000001402ACB8B00][0000014027622A40 49] iPhone12, [000001402ACADC00][0000014027626B80 49] iPhone12Pro, [000001402ACB9000][000001402762ED00 49] iPhone12ProMax, [000001402ACAF600][0000014027632E80 49] iPadPro105, [000001402ACBB800][0000014027637000 49] iPadPro129, [000001402ACAC300][000001402763F180 49] iPadPro97, [000001402ACB9400][0000014027643300 49] iPadPro2_129, [000001402ACAD300][0000014027647480 49] iPad5, [000001402ACBBA00][000001402764B600 49] iPad6, [000001402ACAFC00][000001402764F780 49] iPad7, [000001402ACBB200][0000014027653900 49] iPad8, [000001402ACAF200][000001402766FA80 49] iPadPro11, [000001402ACBAF00][0000014027677C00 49] iPadPro2_11, [000001402ACAE200][000001402767A200 49] iPadPro3_129, [000001402ACB8700][000001402767E380 49] iPadPro4_129, [000001402ACAD000][0000014027682500 49] AppleTV, [000001402ACBB100][000001402768E680 49] AppleTV4K, [000001402ACAE100][0000014027696800 49] TVOS, [000001402ACBA100][0000014028972980 49] Mac, [000001402ACAF500][000001402762AAC0 49] MacClient, [000001402ACBBB00][0000014028980C00 49] MacNoEditor, [000001402ACACD00][0000014028984D40 49] MacServer, [000001402ACBAE00][00000140289D8EC0 49] Linux, [000001402ACADF00][000001402B263040 49] LinuxAArch64, [000001402ACB8A00][000001402B2D51C0 49] LinuxNoEditor, [000001402ACAF000][000001402B2D9340 49] LinuxAArch64NoEditor, [000001402ACBB300][000001402B2DD4C0 49] LinuxClient, [000001402ACAE700][00000140289EF640 49] LinuxAArch64Client, [000001402ACB9B00][0000014025F5D7C0 49] LinuxServer, [000001402ACAC400][0000014025F61940 49] LinuxAArch64Server, [000001402ACB9C00][0000014028A23AC0 49] Android, [000001402ACAD400][0000014028A260C0 49] Android_Low, [000001402ACB9E00][0000014028A2A240 49] Android_Mid, [000001402ACAE900][00000140266D43C0 49] Android_High, [000001402ACBA000][00000140266E8540 49] Android_Default, [000001402ACAF100][000001402673A6C0 49] Android_Adreno4xx, [000001402ACBA200][000001402673E840 49] Android_Adreno5xx_Low, [000001402ACAFD00][00000140267429C0 49] Android_Adreno5xx, [000001402ACB8200][0000014026756B40 49] Android_Adreno6xx, [000001402ACAD700][0000014027686C80 49] Android_Adreno6xx_Vulkan, [000001402ACBA700][0000014029B5ADC0 49] Android_Mali_T6xx, [000001402AC21700][0000014029B5EF00 49] Android_Mali_T7xx, [000001402AC7B200][0000014029B63040 49] Android_Mali_T8xx, [000001402AC23E00][0000014029B871C0 49] Android_Mali_G71, [000001402AC7BD00][0000014029B8B340 49] Android_Mali_G72, [000001402AC23A00][0000014029B8F4C0 49] Android_Mali_G72_Vulkan, [000001402AC7BA00][0000014029B93640 49] Android_Mali_G76, [000001402AC21B00][0000014029B977C0 49] Android_Mali_G76_Vulkan, [000001402AC7A400][0000014029B9B940 49] Android_Mali_G77, [000001402AC23600][0000014029B9FAC0 49] Android_Mali_G77_Vulkan, [000001402AC7A100][0000014029BA20C0 49] Android_Mali_G78, [000001402AC21000][0000014028988240 49] Android_Mali_G78_Vulkan, [000001402AC78500][000001402898C3C0 49] Android_Mali_G710, [000001402AC21600][0000014028990540 49] Android_Mali_G710_Vulkan, [000001402AC7A600][000001402B0746C0 49] Android_Vulkan_SM5, [000001402AC21A00][00000140289C2840 49] Android_PowerVR_G6xxx, [000001402AC7B000][00000140289D29C0 49] Android_PowerVR_GT7xxx, [000001402AC23300][000001402B29EB40 49] Android_PowerVR_GE8xxx, [000001402AC79100][000001402B2A2CC0 49] Android_PowerVR_GM9xxx, [000001402AC21F00][0000014029B66E00 49] Android_PowerVR_GM9xxx_Vulkan, [000001402AC79700][000001402B2AEF40 49] Android_TegraK1, [000001402AC23B00][000001402B2B3080 49] Android_Unknown_Vulkan, [000001402AC78D00][000001402B2B71C0 49] Lumin, [000001402AC20600][000001402B2BF340 49] Lumin_Desktop, [000001402ACAF300][000001402B2C74C0 49] HoloLens, 
[2022.03.17-13.03.08:114][  0]LogMeshReduction: Using QuadricMeshReduction for automatic static mesh reduction
[2022.03.17-13.03.08:114][  0]LogMeshReduction: Using SimplygonMeshReduction for automatic skeletal mesh reduction
[2022.03.17-13.03.08:114][  0]LogMeshReduction: Using ProxyLODMeshReduction for automatic mesh merging
[2022.03.17-13.03.08:114][  0]LogMeshReduction: No distributed automatic mesh merging module available
[2022.03.17-13.03.08:114][  0]LogMeshMerging: No distributed automatic mesh merging module available
[2022.03.17-13.03.08:145][  0]LogNetVersion: Project2MaxChris 1.0.0, NetCL: 17155196, EngineNetVer: 17, GameNetVer: 0 (Checksum: 4034097178)
[2022.03.17-13.03.08:835][  0]LogTexture: Default maximum texture size for cubemaps generated from long-lat sources has been changed from 512 to unlimited. In order to preserve old behaiour for '/Engine/MapTemplates/Sky/DaylightAmbientCubemap.DaylightAmbientCubemap', its maximum texture size has been explicitly set to 512.
[2022.03.17-13.03.09:075][  0]LogUObjectArray: 17884 objects as part of root set at end of initial load.
[2022.03.17-13.03.09:075][  0]LogUObjectAllocator: 4566480 out of 0 bytes used by permanent object pool.
[2022.03.17-13.03.09:075][  0]LogUObjectArray: CloseDisregardForGC: 0/0 objects in disregard for GC pool
[2022.03.17-13.03.09:631][  0]LogNiagaraDebuggerClient: Niagara Debugger Client Initialized | Session: D8149124457A24D57C5165B0927049B5 | Instance: EACE929E428DF8FCE9409287E8A4B5D7 (DESKTOP-AUDTLTP-15924).
[2022.03.17-13.03.09:687][  0]LogPython: Using Python 3.7.7
[2022.03.17-13.03.10:962][  0]LogUdpMessaging: Initializing bridge on interface 0.0.0.0:0 to multicast group 230.0.0.1:6666.
[2022.03.17-13.03.10:975][  0]LogTcpMessaging: Initializing TcpMessaging bridge
[2022.03.17-13.03.11:596][  0]LogOpenImageDenoise: OIDN starting up
[2022.03.17-13.03.11:685][  0]LogAndroidPermission: UAndroidPermissionCallbackProxy::GetInstance
[2022.03.17-13.03.11:715][  0]LogAudioCaptureCore: Display: No Audio Capture implementations found. Audio input will be silent.
[2022.03.17-13.03.11:715][  0]LogAudioCaptureCore: Display: No Audio Capture implementations found. Audio input will be silent.
[2022.03.17-13.03.11:986][  0]SourceControl: Source control is disabled
[2022.03.17-13.03.11:986][  0]SourceControl: Source control is disabled
[2022.03.17-13.03.11:991][  0]SourceControl: Source control is disabled
[2022.03.17-13.03.11:996][  0]SourceControl: Source control is disabled
[2022.03.17-13.03.12:011][  0]SourceControl: Source control is disabled
[2022.03.17-13.03.12:026][  0]LogUProjectInfo: Found projects:
[2022.03.17-13.03.12:070][  0]LogCollectionManager: Loaded 0 collections in 0.001205 seconds
[2022.03.17-13.03.12:168][  0]LogFileCache: Scanning file cache for directory 'D:/Desktop/Project2MaxChris/Saved/Collections/' took 0.00s
[2022.03.17-13.03.12:168][  0]LogFileCache: Scanning file cache for directory 'D:/Desktop/Project2MaxChris/Content/Developers/VRLab/Collections/' took 0.00s
[2022.03.17-13.03.12:168][  0]LogFileCache: Scanning file cache for directory 'D:/Desktop/Project2MaxChris/Content/Collections/' took 0.00s
[2022.03.17-13.03.12:168][  0]LogClass: Display: IntProperty FPhysicsConvexData::NumVertices is not initialized properly. Module:MeshModelingTools File:Public/Physics/CollisionPropertySets.h
[2022.03.17-13.03.12:168][  0]LogClass: Display: IntProperty FPhysicsConvexData::NumFaces is not initialized properly. Module:MeshModelingTools File:Public/Physics/CollisionPropertySets.h
[2022.03.17-13.03.12:169][  0]LogClass: Display: FloatProperty FPhysicsCapsuleData::Radius is not initialized properly. Module:MeshModelingTools File:Public/Physics/CollisionPropertySets.h
[2022.03.17-13.03.12:169][  0]LogClass: Display: FloatProperty FPhysicsCapsuleData::Length is not initialized properly. Module:MeshModelingTools File:Public/Physics/CollisionPropertySets.h
[2022.03.17-13.03.12:169][  0]LogClass: Display: StructProperty FPhysicsBoxData::Dimensions is not initialized properly. Module:MeshModelingTools File:Public/Physics/CollisionPropertySets.h
[2022.03.17-13.03.12:169][  0]LogClass: Display: FloatProperty FPhysicsSphereData::Radius is not initialized properly. Module:MeshModelingTools File:Public/Physics/CollisionPropertySets.h
[2022.03.17-13.03.12:169][  0]LogClass: Display: EnumProperty FLODLevelGenerateSettings::TargetMode is not initialized properly. Module:MeshModelingToolsEditorOnly File:Public/GenerateLODMeshesTool.h
[2022.03.17-13.03.12:169][  0]LogClass: Display: IntProperty FLODLevelGenerateSettings::TargetPercentage is not initialized properly. Module:MeshModelingToolsEditorOnly File:Public/GenerateLODMeshesTool.h
[2022.03.17-13.03.12:169][  0]LogClass: Display: IntProperty FLODLevelGenerateSettings::TargetCount is not initialized properly. Module:MeshModelingToolsEditorOnly File:Public/GenerateLODMeshesTool.h
[2022.03.17-13.03.12:169][  0]LogClass: Display: 9 Uninitialized script struct members found including 0 object properties
[2022.03.17-13.03.12:171][  0]LogEngine: Initializing Engine...
